<?xml version="1.0" encoding="UTF-8"?>
<!-- Generated by org.testng.reporters.JUnitReportReporter -->
<testsuite hostname="DESKTOP-9BJ4JH8" failures="0" tests="4" name="com.Excel.LoginData" time="0.011" errors="0" timestamp="2023-11-16T23:38:03 NZDT" skipped="0">
  <testcase classname="com.Excel.LoginData" name="testReadExcelData" time="0.007"/>
  <testcase classname="com.Excel.LoginData" name="testReadExcelData" time="0.002"/>
  <testcase classname="com.Excel.LoginData" name="testReadExcelData" time="0.001"/>
  <testcase classname="com.Excel.LoginData" name="testReadExcelData" time="0.001"/>
</testsuite> <!-- com.Excel.LoginData -->
