<?xml version="1.0" encoding="UTF-8"?>
<!-- Generated by org.testng.reporters.JUnitReportReporter -->
<testsuite hostname="DESKTOP-9BJ4JH8" failures="0" tests="4" name="com.Reporting.LoginData" time="0.011" errors="0" timestamp="2023-10-25T00:08:25 NZDT" skipped="0">
  <testcase classname="com.Reporting.LoginData" name="testReadExcelData" time="0.007"/>
  <testcase classname="com.Reporting.LoginData" name="testReadExcelData" time="0.002"/>
  <testcase classname="com.Reporting.LoginData" name="testReadExcelData" time="0.001"/>
  <testcase classname="com.Reporting.LoginData" name="testReadExcelData" time="0.001"/>
</testsuite> <!-- com.Reporting.LoginData -->
