<?xml version="1.0" encoding="UTF-8"?>
<!-- Generated by org.testng.reporters.JUnitReportReporter -->
<testsuite hostname="DESKTOP-9BJ4JH8" failures="0" tests="4" name="com.Utilities.Excelreader" time="0.009" errors="0" timestamp="2023-10-25T11:04:28 NZDT" skipped="0">
  <testcase classname="com.Utilities.Excelreader" name="testReadExcelData" time="0.006"/>
  <testcase classname="com.Utilities.Excelreader" name="testReadExcelData" time="0.001"/>
  <testcase classname="com.Utilities.Excelreader" name="testReadExcelData" time="0.001"/>
  <testcase classname="com.Utilities.Excelreader" name="testReadExcelData" time="0.001"/>
</testsuite> <!-- com.Utilities.Excelreader -->
