<?xml version="1.0" encoding="UTF-8"?>
<!-- Generated by org.testng.reporters.JUnitReportReporter -->
<testsuite hostname="DESKTOP-9BJ4JH8" failures="0" tests="4" name="test.Reporting.TestNG.LoginData" time="0.007" errors="0" timestamp="2023-10-25T12:34:10 NZDT" skipped="0">
  <testcase classname="test.Reporting.TestNG.LoginData" name="testReadExcelData" time="0.001"/>
  <testcase classname="test.Reporting.TestNG.LoginData" name="testReadExcelData" time="0.001"/>
  <testcase classname="test.Reporting.TestNG.LoginData" name="testReadExcelData" time="0.003"/>
  <testcase classname="test.Reporting.TestNG.LoginData" name="testReadExcelData" time="0.002"/>
</testsuite> <!-- test.Reporting.TestNG.LoginData -->
