<?xml version="1.0" encoding="UTF-8"?>
<!-- Generated by org.testng.reporters.JUnitReportReporter -->
<testsuite hostname="DESKTOP-9BJ4JH8" failures="0" tests="4" name="test.Reporting.ReportNG.LoginData" time="0.006" errors="0" timestamp="2023-10-29T18:01:31 NZDT" skipped="0">
  <testcase classname="test.Reporting.ReportNG.LoginData" name="testReadExcelData" time="0.001"/>
  <testcase classname="test.Reporting.ReportNG.LoginData" name="testReadExcelData" time="0.003"/>
  <testcase classname="test.Reporting.ReportNG.LoginData" name="testReadExcelData" time="0.001"/>
  <testcase classname="test.Reporting.ReportNG.LoginData" name="testReadExcelData" time="0.001"/>
  <system-out>
    <![CDATA[Navigate to application
Clicking on BMW radio button
Verify selected radio button]]>
  </system-out>
</testsuite> <!-- test.Reporting.ReportNG.LoginData -->
