<?xml version="1.0" encoding="UTF-8"?>
<!-- Generated by org.testng.reporters.JUnitReportReporter -->
<testsuite hostname="DESKTOP-9BJ4JH8" failures="0" tests="1" name="com.swiggy.SwiggyAssignmentDuleeka.SwiggyTest" time="0.011" errors="0" timestamp="2023-11-16T21:52:09 NZDT" skipped="0">
  <testcase classname="com.swiggy.SwiggyAssignmentDuleeka.SwiggyTest" name="sampleTest" time="0.011"/>
  <system-out/>
</testsuite> <!-- com.swiggy.SwiggyAssignmentDuleeka.SwiggyTest -->
